[0.17s][log] %c[player]%c cadence break=manifest:glide swap=manifest:morph color:#E27730;font-weight:600 
[0.28s][log] %c[overlays]%c styles installed (playVideo boot) color:#E27730;font-weight:600 
[0.48s][log] %c[sfx]%c initialised color:#E27730;font-weight:600  {state: running, master: 0.8999999761581421}
[0.49s][error] Failed to load resource: the server responded with a status of 404 (Not Found)
[0.50s][log] %c[sfx]%c some channels failed to load color:#E27730;font-weight:600  {failed: Array(1)}
[3.49s][warning] [.WebGL-0xa5c022aa600]GL Driver Message (OpenGL, Performance, GL_CLOSE_PATH_NV, High): GPU stall due to ReadPixels
[4.32s][warning] [.WebGL-0xa5c022aa600]GL Driver Message (OpenGL, Performance, GL_CLOSE_PATH_NV, High): GPU stall due to ReadPixels
[4.36s][warning] [.WebGL-0xa5c022aa600]GL Driver Message (OpenGL, Performance, GL_CLOSE_PATH_NV, High): GPU stall due to ReadPixels
[4.38s][warning] [.WebGL-0xa5c022aa600]GL Driver Message (OpenGL, Performance, GL_CLOSE_PATH_NV, High): GPU stall due to ReadPixels (this message will no longer repeat)
[12.01s][log] [zoomTo:pre-scroll] body rect= DOMRect
[12.51s][log] [zoomTo:post-scroll] body rect= DOMRect scrollY= 0
[12.51s][log] [zoomTo] body {rect: Object, cx: 720, cy: 450, cxClamped: 720, cyClamped: 450}
[30.31s][log] %c[transition]%c chapter-break: glide color:#E27730;font-weight:600 
[30.51s][log] [zoomTo:pre-scroll] #wpforms-overview-table rect= DOMRect
[31.01s][log] [zoomTo:post-scroll] #wpforms-overview-table rect= DOMRect scrollY= 0
[31.01s][log] [zoomTo] #wpforms-overview-table {rect: Object, cx: 800, cy: 412.25, cxClamped: 720, cyClamped: 450}
[41.37s][log] [zoomTo:pre-scroll] #toplevel_page_wpforms-overview rect= DOMRect
[41.87s][log] [zoomTo:post-scroll] #toplevel_page_wpforms-overview rect= DOMRect scrollY= 0
[41.87s][log] [zoomTo] #toplevel_page_wpforms-overview {rect: Object, cx: 80, cy: 386.8203125, cxClamped: 600, cyClamped: 386.8203125}
[46.58s][log] %c[player]%c transitionSnapshots → runSwapTransition style=morph slug=admin-entries-overview color:#E27730;font-weight:600 
[46.58s][log] %c[transition]%c swap: morph color:#E27730;font-weight:600 
[46.84s][log] %c[overlays]%c styles installed (transitionSnapshots swapStyle branch) color:#E27730;font-weight:600 
[47.54s][log] [zoomTo:pre-scroll] .wpforms-admin-content rect= DOMRect
[48.05s][log] [zoomTo:post-scroll] .wpforms-admin-content rect= DOMRect scrollY= 251
[48.05s][log] [zoomTo] .wpforms-admin-content {rect: Object, cx: 800, cy: 466, cxClamped: 720, cyClamped: 450}
[55.45s][log] %c[player]%c transitionSnapshots → runSwapTransition style=morph slug=admin-entries-list color:#E27730;font-weight:600 
[55.45s][log] %c[transition]%c swap: morph color:#E27730;font-weight:600 
[55.72s][log] %c[overlays]%c styles installed (transitionSnapshots swapStyle branch) color:#E27730;font-weight:600 
[56.24s][log] [zoomTo:pre-scroll] #wpforms-entries-table rect= DOMRect
[56.76s][log] [zoomTo:post-scroll] #wpforms-entries-table rect= DOMRect scrollY= 0
[56.76s][log] [zoomTo] #wpforms-entries-table {rect: Object, cx: 800, cy: 457.453125, cxClamped: 720, cyClamped: 450}
[63.13s][log] [zoomTo:pre-scroll] #the-list rect= DOMRect
[63.63s][log] [zoomTo:post-scroll] #the-list rect= DOMRect scrollY= 0
[63.63s][log] [zoomTo] #the-list {rect: Object, cx: 800, cy: 483.453125, cxClamped: 754.2857142857143, cyClamped: 471.42857142857144}
[73.35s][log] [zoomTo:pre-scroll] #wpforms-entries-table rect= DOMRect
[73.86s][log] [zoomTo:post-scroll] #wpforms-entries-table rect= DOMRect scrollY= 0
[73.86s][log] [zoomTo] #wpforms-entries-table {rect: Object, cx: 800, cy: 457.453125, cxClamped: 720, cyClamped: 450}
[81.81s][log] %c[transition]%c chapter-break: glide color:#E27730;font-weight:600 
[82.02s][log] [zoomTo:pre-scroll] #wpforms-entries-table rect= DOMRect
[82.53s][log] [zoomTo:post-scroll] #wpforms-entries-table rect= DOMRect scrollY= 0
[82.53s][log] [zoomTo] #wpforms-entries-table {rect: Object, cx: 800, cy: 457.453125, cxClamped: 720, cyClamped: 450}
[88.66s][log] [zoomTo:pre-scroll] #wpforms-entries-table rect= DOMRect
[89.16s][log] [zoomTo:post-scroll] #wpforms-entries-table rect= DOMRect scrollY= 0
[89.16s][log] [zoomTo] #wpforms-entries-table {rect: Object, cx: 800, cy: 457.453125, cxClamped: 720, cyClamped: 450}
[95.41s][log] %c[player]%c transitionSnapshots → runSwapTransition style=morph slug=admin-entry-detail color:#E27730;font-weight:600 
[95.41s][log] %c[transition]%c swap: morph color:#E27730;font-weight:600 
[95.72s][log] %c[overlays]%c styles installed (transitionSnapshots swapStyle branch) color:#E27730;font-weight:600 
[96.30s][log] [zoomTo:pre-scroll] #wpforms-entries-single rect= DOMRect
[96.81s][log] [zoomTo:post-scroll] #wpforms-entries-single rect= DOMRect scrollY= 113
[96.81s][log] [zoomTo] #wpforms-entries-single {rect: Object, cx: 800, cy: 465.765625, cxClamped: 720, cyClamped: 450}
[105.88s][log] [zoomTo:pre-scroll] #wpforms-entry-notes rect= DOMRect
[106.39s][log] [zoomTo:post-scroll] #wpforms-entry-notes rect= DOMRect scrollY= 76
[106.39s][log] [zoomTo] #wpforms-entry-notes {rect: Object, cx: 640, cy: 465.8125, cxClamped: 640, cyClamped: 465.8125}
[114.20s][log] [zoomTo:pre-scroll] #wpforms-entry-geolocation rect= DOMRect
[114.71s][log] [zoomTo:post-scroll] #wpforms-entry-geolocation rect= DOMRect scrollY= 204
[114.71s][log] [zoomTo] #wpforms-entry-geolocation {rect: Object, cx: 640, cy: 466.3125, cxClamped: 640, cyClamped: 466.3125}
[123.19s][log] [zoomTo:pre-scroll] #wpforms-entry-actions rect= DOMRect
[123.70s][log] [zoomTo:post-scroll] #wpforms-entry-actions rect= DOMRect scrollY= 169
[123.70s][log] [zoomTo] #wpforms-entry-actions {rect: Object, cx: 1270, cy: 465.890625, cxClamped: 864, cyClamped: 465.890625}
[132.26s][log] %c[player]%c transitionSnapshots → runSwapTransition style=morph slug=admin-tools-export color:#E27730;font-weight:600 
[132.26s][log] %c[transition]%c swap: morph color:#E27730;font-weight:600 
[132.53s][log] %c[overlays]%c styles installed (transitionSnapshots swapStyle branch) color:#E27730;font-weight:600 
[133.04s][log] [zoomTo:pre-scroll] .wpforms-admin-content rect= DOMRect
[133.55s][log] [zoomTo:post-scroll] .wpforms-admin-content rect= DOMRect scrollY= 51
[133.55s][log] [zoomTo] .wpforms-admin-content {rect: Object, cx: 800, cy: 465.5, cxClamped: 720, cyClamped: 450}
[142.66s][log] [zoomTo:pre-scroll] .wpforms-setting-row rect= DOMRect
[143.17s][log] [zoomTo:post-scroll] .wpforms-setting-row rect= DOMRect scrollY= 0
[143.17s][log] [zoomTo] .wpforms-setting-row {rect: Object, cx: 800, cy: 516.5, cxClamped: 800, cyClamped: 508.695652173913}